<?xml version="1.0" encoding="UTF-8"?>
<!-- Generated by org.testng.reporters.JUnitXMLReporter -->
<testsuite ignored="2" hostname="DESKTOP-9K12GLO" failures="1" tests="2" name="Surefire test" time="166.657" errors="0" timestamp="2021-06-02T16:32:53 IST">
  <testcase classname="tests.booking.BookinDetailsTest" name="bookingDetailsTest" time="117.349">
    <failure type="org.openqa.selenium.TimeoutException" message="Expected condition failed: waiting for presence of element located by: By.xpath: //dt[contains(.,&amp;apos;To)]/following-sibling::dd[1] (tried for 60 second(s) with 500 milliseconds interval)">
      <![CDATA[org.openqa.selenium.TimeoutException: Expected condition failed: waiting for presence of element located by: By.xpath: //dt[contains(.,'To)]/following-sibling::dd[1] (tried for 60 second(s) with 500 milliseconds interval)
at org.openqa.selenium.support.ui.WebDriverWait.timeoutException(WebDriverWait.java:113)
at org.openqa.selenium.support.ui.FluentWait.until(FluentWait.java:283)
at common.BasePage.waitForElement(BasePage.java:31)
at common.BasePage.getElementText(BasePage.java:68)
at pages.BookingDetailsPage.getDetails(BookingDetailsPage.java:14)
at pages.BookingDetailsPage.verifyDropLocation(BookingDetailsPage.java:27)
at tests.booking.BookinDetailsTest.bookingDetailsTest(BookinDetailsTest.java:40)
at java.base/java.util.ArrayList.forEach(ArrayList.java:1541)
Caused by: org.openqa.selenium.InvalidSelectorException: invalid selector: Unable to locate an element with the xpath expression //dt[contains(.,'To)]/following-sibling::dd[1] because of the following error:
SyntaxError: Failed to execute 'evaluate' on 'Document': The string '//dt[contains(.,'To)]/following-sibling::dd[1]' is not a valid XPath expression.
  (Session info: chrome=91.0.4472.77)
For documentation on this error, please visit: http://seleniumhq.org/exceptions/invalid_selector_exception.html
Build info: version: '3.14.0', revision: 'aacccce0', time: '2018-08-02T20:19:58.91Z'
System info: host: 'DESKTOP-9K12GLO', ip: '192.168.1.104', os.name: 'Windows 10', os.arch: 'amd64', os.version: '10.0', java.version: '11.0.11'
Driver info: org.openqa.selenium.chrome.ChromeDriver
Capabilities {acceptInsecureCerts: false, browserName: chrome, browserVersion: 91.0.4472.77, chrome: {chromedriverVersion: 90.0.4430.24 (4c6d850f087da..., userDataDir: C:\Users\admin\AppData\Loca...}, goog:chromeOptions: {debuggerAddress: localhost:57158}, javascriptEnabled: true, networkConnectionEnabled: false, pageLoadStrategy: normal, platform: WINDOWS, platformName: WINDOWS, proxy: Proxy(), setWindowRect: true, strictFileInteractability: false, timeouts: {implicit: 0, pageLoad: 300000, script: 30000}, unhandledPromptBehavior: dismiss and notify, webauthn:extension:largeBlob: true, webauthn:virtualAuthenticators: true}
Session ID: 86076e88e2f08c5f120d4f11a87d018f
*** Element info: {Using=xpath, value=//dt[contains(.,'To)]/following-sibling::dd[1]}
at org.openqa.selenium.remote.http.W3CHttpResponseCodec.createException(W3CHttpResponseCodec.java:187)
at org.openqa.selenium.remote.http.W3CHttpResponseCodec.decode(W3CHttpResponseCodec.java:122)
at org.openqa.selenium.remote.http.W3CHttpResponseCodec.decode(W3CHttpResponseCodec.java:49)
at org.openqa.selenium.remote.HttpCommandExecutor.execute(HttpCommandExecutor.java:158)
at org.openqa.selenium.remote.service.DriverCommandExecutor.execute(DriverCommandExecutor.java:83)
at org.openqa.selenium.remote.RemoteWebDriver.execute(RemoteWebDriver.java:548)
at org.openqa.selenium.remote.RemoteWebDriver.findElements(RemoteWebDriver.java:349)
at org.openqa.selenium.remote.RemoteWebDriver.findElementsByXPath(RemoteWebDriver.java:428)
at org.openqa.selenium.By$ByXPath.findElements(By.java:348)
at org.openqa.selenium.remote.RemoteWebDriver.findElements(RemoteWebDriver.java:310)
at org.openqa.selenium.support.ui.ExpectedConditions.findElement(ExpectedConditions.java:895)
at org.openqa.selenium.support.ui.ExpectedConditions.access$000(ExpectedConditions.java:44)
at org.openqa.selenium.support.ui.ExpectedConditions$6.apply(ExpectedConditions.java:183)
at org.openqa.selenium.support.ui.ExpectedConditions$6.apply(ExpectedConditions.java:180)
at org.openqa.selenium.support.ui.FluentWait.until(FluentWait.java:260)
... 38 more
... Removed 35 stack frames]]>
    </failure>
  </testcase> <!-- bookingDetailsTest -->
  <testcase classname="tests.login.LoginTest" name="loginTest" time="37.047"/>
  <testcase classname="tests.createaccount.CreateAccountTest" name="testcreateAndUpdate" time="0.0">
    <ignored/>
  </testcase> <!-- testcreateAndUpdate -->
  <testcase classname="tests.updateaccount.CreateandUpdateAccoutTest" name="createAccountUpdateDetails" time="0.0">
    <ignored/>
  </testcase> <!-- createAccountUpdateDetails -->
</testsuite> <!-- Surefire test -->
