

<!DOCTYPE html>
<html>
<head>
	<meta charset='utf-8' /> 
	<meta name='description' content='' />
	<meta name='robots' content='noodp, noydir' />
	<meta name='viewport' content='width=device-width, initial-scale=1' />
	<meta id="timeStampFormat" name="timeStampFormat" content='EEEE, MMMM dd, yyyy, hh:mm a '('zzz')''/>
	
	<link href='https://fonts.googleapis.com/css?family=Source+Sans+Pro:400,600' rel='stylesheet' type='text/css' />
	<link href="https://fonts.googleapis.com/icon?family=Material+Icons" rel="stylesheet" />
	<link href='https://cdn.rawgit.com/extent-framework/extent-github-cdn/bad039f/v3html/css/extent.css' type='text/css' rel='stylesheet' />
	
	<title>JavaSelenium Demo</title>

	<style type='text/css'>
		/* json-tree */
		.jstBracket,.jstComma,.jstValue{white-space:pre-wrap}.jstValue{font-size:10px;font-weight:400;font-family:"Lucida Console",Monaco,monospace}.jstProperty{color:#666;word-wrap:break-word}.jstBool{color:#2525CC}.jstNum{color:#D036D0}.jstNull{color:gray}.jstStr{color:#2DB669}.jstFold:after{content:' -';cursor:pointer}.jstExpand{white-space:normal}.jstExpand:after{content:' +';cursor:pointer}.jstFolded{white-space:normal!important}.jstHiddenBlock{display:none}
	</style>
	
	<script type="text/javascript">
		/*! json-tree - v0.2.2 - 2017-09-25, MIT LICENSE */
		var JSONTree=function(){var n={"&":"&amp;","<":"&lt;",">":"&gt;",'"':"&quot;","'":"&#x27;","/":"&#x2F;"},t=0,r=0;this.create=function(n,t){return r+=1,N(u(n,0,!1),{class:"jstValue"})};var e=function(t){return t.replace(/[&<>'"]/g,function(t){return n[t]})},s=function(){return r+"_"+t++},u=function(n,t,r){if(null===n)return f(r?t:0);switch(typeof n){case"boolean":return l(n,r?t:0);case"number":return i(n,r?t:0);case"string":return o(n,r?t:0);default:return n instanceof Array?a(n,t,r):c(n,t,r)}},c=function(n,t,r){var e=s(),u=Object.keys(n).map(function(r){return j(r,n[r],t+1,!0)}).join(m()),c=[g("{",r?t:0,e),N(u,{id:e}),p("}",t)].join("\n");return N(c,{})},a=function(n,t,r){var e=s(),c=n.map(function(n){return u(n,t+1,!0)}).join(m());return[g("[",r?t:0,e),N(c,{id:e}),p("]",t)].join("\n")},o=function(n,t){var r=e(JSON.stringify(n));return N(v(r,t),{class:"jstStr"})},i=function(n,t){return N(v(n,t),{class:"jstNum"})},l=function(n,t){return N(v(n,t),{class:"jstBool"})},f=function(n){return N(v("null",n),{class:"jstNull"})},j=function(n,t,r){var s=v(e(JSON.stringify(n))+": ",r),c=N(u(t,r,!1),{});return N(s+c,{class:"jstProperty"})},m=function(){return N(",\n",{class:"jstComma"})},N=function(n,t){return d("span",t,n)},d=function(n,t,r){return"<"+n+Object.keys(t).map(function(n){return" "+n+'="'+t[n]+'"'}).join("")+">"+r+"</"+n+">"},g=function(n,t,r){return N(v(n,t),{class:"jstBracket"})+N("",{class:"jstFold",onclick:"JSONTree.toggle('"+r+"')"})};this.toggle=function(n){var t=document.getElementById(n),r=t.parentNode,e=t.previousElementSibling;""===t.className?(t.className="jstHiddenBlock",r.className="jstFolded",e.className="jstExpand"):(t.className="",r.className="",e.className="jstFold")};var p=function(n,t){return N(v(n,t),{})},v=function(n,t){return Array(2*t+1).join(" ")+n};return this}();
	</script>
</head>
	<body class='extent standard default hide-overflow '>
		<div id='theme-selector' alt='Click to toggle theme. To enable by default, use theme configuration.' title='Click to toggle theme. To enable by default, use theme configuration.'>
			<span><i class='material-icons'>desktop_windows</i></span>
		</div>
<nav>
	<div class="nav-wrapper">
		<a href="#!" class="brand-logo black"><img src="https://cdn.rawgit.com/extent-framework/extent-github-cdn/d74480e/commons/img/logo.png"></a>
		<!-- slideout menu -->
		<ul id='slide-out' class='side-nav fixed hide-on-med-and-down'>
			<li class='waves-effect active'><a href='#!' view='test-view' onclick="configureView(0);chartsView('test');"><i class='material-icons'>dashboard</i></a></li>
						<li class='waves-effect'><a href='#!' view='exception-view' onclick="configureView(2)"><i class='material-icons'>bug_report</i></a></li>
			<li class='waves-effect'><a href='#!' onclick="configureView(-1);chartsView('dashboard');" view='dashboard-view'><i class='material-icons'>track_changes</i></a></li>
		</ul>
		<!-- report name -->
		<span class='report-name'>Test Report</span>
		<!-- report headline -->
		<span class='report-headline'></span>
		<!-- nav-right -->
		<ul id='nav-mobile' class='right hide-on-med-and-down nav-right'>
			<a href='#!'>
			<span class='label blue darken-3 suite-start-time'>Wednesday, June 02, 2021, 04:30 PM (IST)</span>
			</a>
		</ul>
	</div>
</nav>		<!-- container -->
		<div class='container'>
<div id='test-view' class='view'>
	<section id='controls'>
		<div class='controls grey lighten-4'>
			<!-- test toggle -->
			<div class='chip transparent'>
				<a class='dropdown-button tests-toggle' data-activates='tests-toggle' data-constrainwidth='true' data-beloworigin='true' data-hover='true' href='#'>
				<i class='material-icons'>warning</i> Status
				</a>
				<ul id='tests-toggle' class='dropdown-content'>
										<li status='pass'><a href='#!'>Pass <i class='material-icons green-text'>check_circle</i></a></li>
					<li status='fail'><a href='#!'>Fail <i class='material-icons red-text'>cancel</i></a></li>
					<li class='divider'></li>
					<li status='clear' clear='true'><a href='#!'>Clear Filters <i class='material-icons'>clear</i></a></li>
				</ul>
			</div>
			<!-- test toggle -->
			<!-- category toggle -->
			<!-- category toggle -->
			<!-- clear filters -->
			<div class='chip transparent hide'>
				<a class='' id='clear-filters' alt='Clear Filters' title='Clear Filters'>
				<i class='material-icons'>close</i> Clear
				</a>
			</div>
			<!-- clear filters -->
			<!-- enable dashboard -->
			<div id='toggle-test-view-charts' class='chip transparent'>
				<a class='pink-text' id='enable-dashboard' alt='Enable Dashboard' title='Enable Dashboard'>
				<i class='material-icons'>track_changes</i> Dashboard
				</a>
			</div>
			<!-- enable dashboard -->
			<!-- search -->
			<div class='chip transparent' alt='Search Tests' title='Search Tests'>
				<a href="#" class='search-div'>
				<i class='material-icons'>search</i> Search
				</a>
				<div class='input-field left hide'>
					<input id='search-tests' type='text' class='validate browser-default' placeholder='Search Tests...'>
				</div>
			</div>
			<!-- search -->
		</div>
	</section>
<div id='test-view-charts' class='subview-full'>
    <div id='charts-row' class='row nm-v nm-h'>
        <div class='col s12 m6 l6 np-h'>
            <div class='card-panel nm-v'>
                <div class='left panel-name'>Tests</div>
                <div class='chart-box' style="max-height:94px;">
                    <canvas id='parent-analysis' width='90' height='70'></canvas>
                </div>
                <div class='block text-small'>
                    <span class='tooltipped' data-position='top' data-tooltip='50%'><span class='strong'>1</span> test(s) passed</span>
                </div>
                <div class='block text-small'>
                    <span class='strong tooltipped' data-position='top' data-tooltip='50%'>1</span> test(s) failed, <span class='strong tooltipped' data-position='top' data-tooltip='0%'>0</span> others
                </div>
            </div>
        </div>
        <div class='col s12 m6 l6 np-h'>
            <div class='card-panel nm-v'>
                <div class='left panel-name'>Steps</div>
                <div class='chart-box' style="max-height:94px;">
                    <canvas id='child-analysis' width='90' height='70'></canvas>
                </div>
                <div class='block text-small'>
                    <span class='tooltipped' data-position='top' data-tooltip='75%'><span class='strong'>3</span> step(s) passed</span>
                </div>
                <div class='block text-small'>
                    <span class='strong tooltipped' data-position='top' data-tooltip='25%'>1</span> step(s) failed, <span class='strong tooltipped' data-position='top' data-tooltip='0%'>0</span> others
                </div>
            </div>
        </div>
    </div>
    <div id="timeline-chart" class="row nm-v nm-h">
        <div class="col s12 m12 l12 np-h">
            <div class="card-panel">
                <div class='left panel-name'>Timeline (seconds)</div>
                <div class="chart-box" style="width:98%;max-height:145px;">
                    <canvas id="timeline" height="120"></canvas>
                </div>
            </div>
        </div>
    </div>
</div>	<div class='subview-left left'>
		<div class='view-summary'>
			<ul id='test-collection' class='test-collection'>
				<li class='test displayed active has-leaf fail' status='fail' bdd='false' test-id='1'>
					<div class='test-heading'>
						<span class='test-name'>TC333333_Booking Details Verification</span>
						<span class='test-time'>Wednesday, June 02, 2021, 04:30 PM (IST)</span>
						<span class='test-status right fail'>fail</span>
					</div>
					<div class='test-content hide'>
<div class='test-time-info'>
	<span class='label start-time'>Wednesday, June 02, 2021, 04:30 PM (IST)</span>
	<span class='label end-time'>Wednesday, June 02, 2021, 04:32 PM (IST)</span>
	<span class='label time-taken grey lighten-1 white-text'>0h 1m 57s+359ms</span>
</div>
<ul class='collapsible node-list' data-collapsible='accordion'>
	<li class='node level-1 leaf pass' status='pass' test-id='2'>
		<div class='collapsible-header'>
			<div class='node-name'>Login with valid credentials</div>
			<span class='node-time'>Wednesday, June 02, 2021, 04:30 PM (IST)</span>
			&middot; <span class='node-duration'>0h 0m 14s+310ms</span>
			<span class='test-status right pass'>pass</span>
		</div>
		<div class='collapsible-body'>
			<div class='node-steps'>
				<table class='bordered table-results'>
					<thead>
						<tr>
							<th>Status</th>
							<th>Timestamp</th>
							<th>Details</th>
						</tr>
					</thead>
					<tbody>
						<tr class='log' status='info'>
							<td class='status info' title='info' alt='info'><i class='material-icons'>info_outline</i></td>
							<td class='timestamp'>4:30:20 PM</td>
							<td class='step-details'>
									<span class='badge black-text white'>Signin button clicked</span>
								
							</td>
						</tr>
						<tr class='log' status='info'>
							<td class='status info' title='info' alt='info'><i class='material-icons'>info_outline</i></td>
							<td class='timestamp'>4:30:20 PM</td>
							<td class='step-details'>
									
								<img class='r-img' onerror='this.style.display="none"' data-featherlight='TestsScreenshots\20210602043020.png' src='TestsScreenshots\20210602043020.png' data-src='TestsScreenshots\20210602043020.png'>
							</td>
						</tr>
						<tr class='log' status='info'>
							<td class='status info' title='info' alt='info'><i class='material-icons'>info_outline</i></td>
							<td class='timestamp'>4:30:22 PM</td>
							<td class='step-details'>
									<span class='badge black-text white'>Email Entered</span>
								
							</td>
						</tr>
						<tr class='log' status='info'>
							<td class='status info' title='info' alt='info'><i class='material-icons'>info_outline</i></td>
							<td class='timestamp'>4:30:22 PM</td>
							<td class='step-details'>
									
								<img class='r-img' onerror='this.style.display="none"' data-featherlight='TestsScreenshots\20210602043022.png' src='TestsScreenshots\20210602043022.png' data-src='TestsScreenshots\20210602043022.png'>
							</td>
						</tr>
						<tr class='log' status='info'>
							<td class='status info' title='info' alt='info'><i class='material-icons'>info_outline</i></td>
							<td class='timestamp'>4:30:22 PM</td>
							<td class='step-details'>
									<span class='badge black-text white'>Email Entered</span>
								
							</td>
						</tr>
						<tr class='log' status='info'>
							<td class='status info' title='info' alt='info'><i class='material-icons'>info_outline</i></td>
							<td class='timestamp'>4:30:22 PM</td>
							<td class='step-details'>
									
								<img class='r-img' onerror='this.style.display="none"' data-featherlight='TestsScreenshots\20210602043022.png' src='TestsScreenshots\20210602043022.png' data-src='TestsScreenshots\20210602043022.png'>
							</td>
						</tr>
						<tr class='log' status='info'>
							<td class='status info' title='info' alt='info'><i class='material-icons'>info_outline</i></td>
							<td class='timestamp'>4:30:23 PM</td>
							<td class='step-details'>
									<span class='badge black-text white'>Password Entered</span>
								
							</td>
						</tr>
						<tr class='log' status='info'>
							<td class='status info' title='info' alt='info'><i class='material-icons'>info_outline</i></td>
							<td class='timestamp'>4:30:24 PM</td>
							<td class='step-details'>
									
								<img class='r-img' onerror='this.style.display="none"' data-featherlight='TestsScreenshots\20210602043023.png' src='TestsScreenshots\20210602043023.png' data-src='TestsScreenshots\20210602043023.png'>
							</td>
						</tr>
						<tr class='log' status='info'>
							<td class='status info' title='info' alt='info'><i class='material-icons'>info_outline</i></td>
							<td class='timestamp'>4:30:24 PM</td>
							<td class='step-details'>
									<span class='badge black-text white'>Signin button clicked</span>
								
							</td>
						</tr>
						<tr class='log' status='info'>
							<td class='status info' title='info' alt='info'><i class='material-icons'>info_outline</i></td>
							<td class='timestamp'>4:30:24 PM</td>
							<td class='step-details'>
									
								<img class='r-img' onerror='this.style.display="none"' data-featherlight='TestsScreenshots\20210602043024.png' src='TestsScreenshots\20210602043024.png' data-src='TestsScreenshots\20210602043024.png'>
							</td>
						</tr>
					</tbody>
				</table>
			</div>
		</div>
	</li>
	<li class='node level-1 leaf fail' status='fail' test-id='3'>
		<div class='collapsible-header'>
			<div class='node-name'>Book airport Taxi</div>
			<span class='node-time'>Wednesday, June 02, 2021, 04:30 PM (IST)</span>
			&middot; <span class='node-duration'>0h 1m 38s+647ms</span>
			<span class='test-status right fail'>fail</span>
		</div>
		<div class='collapsible-body'>
			<div class='node-steps'>
				<table class='bordered table-results'>
					<thead>
						<tr>
							<th>Status</th>
							<th>Timestamp</th>
							<th>Details</th>
						</tr>
					</thead>
					<tbody>
						<tr class='log' status='info'>
							<td class='status info' title='info' alt='info'><i class='material-icons'>info_outline</i></td>
							<td class='timestamp'>4:30:32 PM</td>
							<td class='step-details'>
									<span class='badge black-text white'>Airport taxi tab clicked</span>
								
							</td>
						</tr>
						<tr class='log' status='info'>
							<td class='status info' title='info' alt='info'><i class='material-icons'>info_outline</i></td>
							<td class='timestamp'>4:30:32 PM</td>
							<td class='step-details'>
									
								<img class='r-img' onerror='this.style.display="none"' data-featherlight='TestsScreenshots\20210602043032.png' src='TestsScreenshots\20210602043032.png' data-src='TestsScreenshots\20210602043032.png'>
							</td>
						</tr>
						<tr class='log' status='info'>
							<td class='status info' title='info' alt='info'><i class='material-icons'>info_outline</i></td>
							<td class='timestamp'>4:30:33 PM</td>
							<td class='step-details'>
									<span class='badge black-text white'>One way selected</span>
								
							</td>
						</tr>
						<tr class='log' status='info'>
							<td class='status info' title='info' alt='info'><i class='material-icons'>info_outline</i></td>
							<td class='timestamp'>4:30:34 PM</td>
							<td class='step-details'>
									
								<img class='r-img' onerror='this.style.display="none"' data-featherlight='TestsScreenshots\20210602043033.png' src='TestsScreenshots\20210602043033.png' data-src='TestsScreenshots\20210602043033.png'>
							</td>
						</tr>
						<tr class='log' status='info'>
							<td class='status info' title='info' alt='info'><i class='material-icons'>info_outline</i></td>
							<td class='timestamp'>4:30:44 PM</td>
							<td class='step-details'>
									<span class='badge black-text white'>Pickup location entered</span>
								
							</td>
						</tr>
						<tr class='log' status='info'>
							<td class='status info' title='info' alt='info'><i class='material-icons'>info_outline</i></td>
							<td class='timestamp'>4:30:45 PM</td>
							<td class='step-details'>
									
								<img class='r-img' onerror='this.style.display="none"' data-featherlight='TestsScreenshots\20210602043044.png' src='TestsScreenshots\20210602043044.png' data-src='TestsScreenshots\20210602043044.png'>
							</td>
						</tr>
						<tr class='log' status='info'>
							<td class='status info' title='info' alt='info'><i class='material-icons'>info_outline</i></td>
							<td class='timestamp'>4:30:55 PM</td>
							<td class='step-details'>
									<span class='badge black-text white'>Drop location entered</span>
								
							</td>
						</tr>
						<tr class='log' status='info'>
							<td class='status info' title='info' alt='info'><i class='material-icons'>info_outline</i></td>
							<td class='timestamp'>4:30:56 PM</td>
							<td class='step-details'>
									
								<img class='r-img' onerror='this.style.display="none"' data-featherlight='TestsScreenshots\20210602043055.png' src='TestsScreenshots\20210602043055.png' data-src='TestsScreenshots\20210602043055.png'>
							</td>
						</tr>
						<tr class='log' status='info'>
							<td class='status info' title='info' alt='info'><i class='material-icons'>info_outline</i></td>
							<td class='timestamp'>4:30:56 PM</td>
							<td class='step-details'>
									<span class='badge black-text white'>Date selected</span>
								
							</td>
						</tr>
						<tr class='log' status='info'>
							<td class='status info' title='info' alt='info'><i class='material-icons'>info_outline</i></td>
							<td class='timestamp'>4:30:56 PM</td>
							<td class='step-details'>
									
								<img class='r-img' onerror='this.style.display="none"' data-featherlight='TestsScreenshots\20210602043056.png' src='TestsScreenshots\20210602043056.png' data-src='TestsScreenshots\20210602043056.png'>
							</td>
						</tr>
						<tr class='log' status='info'>
							<td class='status info' title='info' alt='info'><i class='material-icons'>info_outline</i></td>
							<td class='timestamp'>4:30:57 PM</td>
							<td class='step-details'>
									<span class='badge black-text white'>Time selected</span>
								
							</td>
						</tr>
						<tr class='log' status='info'>
							<td class='status info' title='info' alt='info'><i class='material-icons'>info_outline</i></td>
							<td class='timestamp'>4:30:57 PM</td>
							<td class='step-details'>
									
								<img class='r-img' onerror='this.style.display="none"' data-featherlight='TestsScreenshots\20210602043057.png' src='TestsScreenshots\20210602043057.png' data-src='TestsScreenshots\20210602043057.png'>
							</td>
						</tr>
						<tr class='log' status='info'>
							<td class='status info' title='info' alt='info'><i class='material-icons'>info_outline</i></td>
							<td class='timestamp'>4:30:57 PM</td>
							<td class='step-details'>
									<span class='badge black-text white'>Passangers selected</span>
								
							</td>
						</tr>
						<tr class='log' status='info'>
							<td class='status info' title='info' alt='info'><i class='material-icons'>info_outline</i></td>
							<td class='timestamp'>4:30:58 PM</td>
							<td class='step-details'>
									
								<img class='r-img' onerror='this.style.display="none"' data-featherlight='TestsScreenshots\20210602043057.png' src='TestsScreenshots\20210602043057.png' data-src='TestsScreenshots\20210602043057.png'>
							</td>
						</tr>
						<tr class='log' status='info'>
							<td class='status info' title='info' alt='info'><i class='material-icons'>info_outline</i></td>
							<td class='timestamp'>4:31:05 PM</td>
							<td class='step-details'>
									<span class='badge black-text white'>Search button clicked</span>
								
							</td>
						</tr>
						<tr class='log' status='info'>
							<td class='status info' title='info' alt='info'><i class='material-icons'>info_outline</i></td>
							<td class='timestamp'>4:31:05 PM</td>
							<td class='step-details'>
									
								<img class='r-img' onerror='this.style.display="none"' data-featherlight='TestsScreenshots\20210602043105.png' src='TestsScreenshots\20210602043105.png' data-src='TestsScreenshots\20210602043105.png'>
							</td>
						</tr>
						<tr class='log' status='fail'>
							<td class='status fail' title='fail' alt='fail'><i class='material-icons'>cancel</i></td>
							<td class='timestamp'>4:32:07 PM</td>
							<td class='step-details'>
									<textarea disabled class="code-block">org.openqa.selenium.TimeoutException: Expected condition failed: waiting for presence of element located by: By.xpath: //dt[contains(.,'To)]/following-sibling::dd[1] (tried for 60 second(s) with 500 milliseconds interval)
	at org.openqa.selenium.support.ui.WebDriverWait.timeoutException(WebDriverWait.java:113)
	at org.openqa.selenium.support.ui.FluentWait.until(FluentWait.java:283)
	at common.BasePage.waitForElement(BasePage.java:31)
	at common.BasePage.getElementText(BasePage.java:68)
	at pages.BookingDetailsPage.getDetails(BookingDetailsPage.java:14)
	at pages.BookingDetailsPage.verifyDropLocation(BookingDetailsPage.java:27)
	at tests.booking.BookinDetailsTest.bookingDetailsTest(BookinDetailsTest.java:40)
	at java.base/jdk.internal.reflect.NativeMethodAccessorImpl.invoke0(Native Method)
	at java.base/jdk.internal.reflect.NativeMethodAccessorImpl.invoke(NativeMethodAccessorImpl.java:62)
	at java.base/jdk.internal.reflect.DelegatingMethodAccessorImpl.invoke(DelegatingMethodAccessorImpl.java:43)
	at java.base/java.lang.reflect.Method.invoke(Method.java:566)
	at org.testng.internal.MethodInvocationHelper.invokeMethod(MethodInvocationHelper.java:133)
	at org.testng.internal.TestInvoker.invokeMethod(TestInvoker.java:584)
	at org.testng.internal.TestInvoker.invokeTestMethod(TestInvoker.java:172)
	at org.testng.internal.MethodRunner.runInSequence(MethodRunner.java:46)
	at org.testng.internal.TestInvoker$MethodInvocationAgent.invoke(TestInvoker.java:804)
	at org.testng.internal.TestInvoker.invokeTestMethods(TestInvoker.java:145)
	at org.testng.internal.TestMethodWorker.invokeTestMethods(TestMethodWorker.java:146)
	at org.testng.internal.TestMethodWorker.run(TestMethodWorker.java:128)
	at java.base/java.util.ArrayList.forEach(ArrayList.java:1541)
	at org.testng.TestRunner.privateRun(TestRunner.java:770)
	at org.testng.TestRunner.run(TestRunner.java:591)
	at org.testng.SuiteRunner.runTest(SuiteRunner.java:402)
	at org.testng.SuiteRunner.runSequentially(SuiteRunner.java:396)
	at org.testng.SuiteRunner.privateRun(SuiteRunner.java:355)
	at org.testng.SuiteRunner.run(SuiteRunner.java:304)
	at org.testng.SuiteRunnerWorker.runSuite(SuiteRunnerWorker.java:53)
	at org.testng.SuiteRunnerWorker.run(SuiteRunnerWorker.java:96)
	at org.testng.TestNG.runSuitesSequentially(TestNG.java:1180)
	at org.testng.TestNG.runSuitesLocally(TestNG.java:1102)
	at org.testng.TestNG.runSuites(TestNG.java:1032)
	at org.testng.TestNG.run(TestNG.java:1000)
	at org.apache.maven.surefire.testng.TestNGExecutor.run(TestNGExecutor.java:136)
	at org.apache.maven.surefire.testng.TestNGDirectoryTestSuite.executeMulti(TestNGDirectoryTestSuite.java:193)
	at org.apache.maven.surefire.testng.TestNGDirectoryTestSuite.execute(TestNGDirectoryTestSuite.java:94)
	at org.apache.maven.surefire.testng.TestNGProvider.invoke(TestNGProvider.java:145)
	at org.apache.maven.surefire.booter.ForkedBooter.runSuitesInProcess(ForkedBooter.java:428)
	at org.apache.maven.surefire.booter.ForkedBooter.execute(ForkedBooter.java:162)
	at org.apache.maven.surefire.booter.ForkedBooter.run(ForkedBooter.java:562)
	at org.apache.maven.surefire.booter.ForkedBooter.main(ForkedBooter.java:548)
Caused by: org.openqa.selenium.InvalidSelectorException: invalid selector: Unable to locate an element with the xpath expression //dt[contains(.,'To)]/following-sibling::dd[1] because of the following error:
SyntaxError: Failed to execute 'evaluate' on 'Document': The string '//dt[contains(.,'To)]/following-sibling::dd[1]' is not a valid XPath expression.
  (Session info: chrome=91.0.4472.77)
For documentation on this error, please visit: http://seleniumhq.org/exceptions/invalid_selector_exception.html
Build info: version: '3.14.0', revision: 'aacccce0', time: '2018-08-02T20:19:58.91Z'
System info: host: 'DESKTOP-9K12GLO', ip: '192.168.1.104', os.name: 'Windows 10', os.arch: 'amd64', os.version: '10.0', java.version: '11.0.11'
Driver info: org.openqa.selenium.chrome.ChromeDriver
Capabilities {acceptInsecureCerts: false, browserName: chrome, browserVersion: 91.0.4472.77, chrome: {chromedriverVersion: 90.0.4430.24 (4c6d850f087da..., userDataDir: C:\Users\admin\AppData\Loca...}, goog:chromeOptions: {debuggerAddress: localhost:57158}, javascriptEnabled: true, networkConnectionEnabled: false, pageLoadStrategy: normal, platform: WINDOWS, platformName: WINDOWS, proxy: Proxy(), setWindowRect: true, strictFileInteractability: false, timeouts: {implicit: 0, pageLoad: 300000, script: 30000}, unhandledPromptBehavior: dismiss and notify, webauthn:extension:largeBlob: true, webauthn:virtualAuthenticators: true}
Session ID: 86076e88e2f08c5f120d4f11a87d018f
*** Element info: {Using=xpath, value=//dt[contains(.,'To)]/following-sibling::dd[1]}
	at jdk.internal.reflect.GeneratedConstructorAccessor7.newInstance(Unknown Source)
	at java.base/jdk.internal.reflect.DelegatingConstructorAccessorImpl.newInstance(DelegatingConstructorAccessorImpl.java:45)
	at java.base/java.lang.reflect.Constructor.newInstance(Constructor.java:490)
	at org.openqa.selenium.remote.http.W3CHttpResponseCodec.createException(W3CHttpResponseCodec.java:187)
	at org.openqa.selenium.remote.http.W3CHttpResponseCodec.decode(W3CHttpResponseCodec.java:122)
	at org.openqa.selenium.remote.http.W3CHttpResponseCodec.decode(W3CHttpResponseCodec.java:49)
	at org.openqa.selenium.remote.HttpCommandExecutor.execute(HttpCommandExecutor.java:158)
	at org.openqa.selenium.remote.service.DriverCommandExecutor.execute(DriverCommandExecutor.java:83)
	at org.openqa.selenium.remote.RemoteWebDriver.execute(RemoteWebDriver.java:548)
	at org.openqa.selenium.remote.RemoteWebDriver.findElements(RemoteWebDriver.java:349)
	at org.openqa.selenium.remote.RemoteWebDriver.findElementsByXPath(RemoteWebDriver.java:428)
	at org.openqa.selenium.By$ByXPath.findElements(By.java:348)
	at org.openqa.selenium.remote.RemoteWebDriver.findElements(RemoteWebDriver.java:310)
	at org.openqa.selenium.support.ui.ExpectedConditions.findElement(ExpectedConditions.java:895)
	at org.openqa.selenium.support.ui.ExpectedConditions.access$000(ExpectedConditions.java:44)
	at org.openqa.selenium.support.ui.ExpectedConditions$6.apply(ExpectedConditions.java:183)
	at org.openqa.selenium.support.ui.ExpectedConditions$6.apply(ExpectedConditions.java:180)
	at org.openqa.selenium.support.ui.FluentWait.until(FluentWait.java:260)
	... 38 more
</textarea>
								
							</td>
						</tr>
						<tr class='log' status='fail'>
							<td class='status fail' title='fail' alt='fail'><i class='material-icons'>cancel</i></td>
							<td class='timestamp'>4:32:07 PM</td>
							<td class='step-details'>
									<span class='badge white-text red'>TEST FAILED</span>
								
							</td>
						</tr>
					</tbody>
				</table>
			</div>
		</div>
	</li>
</ul>
					</div>
				</li>
				<li class='test displayed active has-leaf pass' status='pass' bdd='false' test-id='4'>
					<div class='test-heading'>
						<span class='test-name'>TC222222_Login Verification</span>
						<span class='test-time'>Wednesday, June 02, 2021, 04:32 PM (IST)</span>
						<span class='test-status right pass'>pass</span>
					</div>
					<div class='test-content hide'>
<div class='test-time-info'>
	<span class='label start-time'>Wednesday, June 02, 2021, 04:32 PM (IST)</span>
	<span class='label end-time'>Wednesday, June 02, 2021, 04:32 PM (IST)</span>
	<span class='label time-taken grey lighten-1 white-text'>0h 0m 37s+48ms</span>
</div>
<ul class='collapsible node-list' data-collapsible='accordion'>
	<li class='node level-1 leaf pass' status='pass' test-id='5'>
		<div class='collapsible-header'>
			<div class='node-name'>Login test with valid credentials</div>
			<span class='node-time'>Wednesday, June 02, 2021, 04:32 PM (IST)</span>
			&middot; <span class='node-duration'>0h 0m 25s+285ms</span>
			<span class='test-status right pass'>pass</span>
		</div>
		<div class='collapsible-body'>
			<div class='node-steps'>
				<table class='bordered table-results'>
					<thead>
						<tr>
							<th>Status</th>
							<th>Timestamp</th>
							<th>Details</th>
						</tr>
					</thead>
					<tbody>
						<tr class='log' status='info'>
							<td class='status info' title='info' alt='info'><i class='material-icons'>info_outline</i></td>
							<td class='timestamp'>4:32:26 PM</td>
							<td class='step-details'>
									<span class='badge black-text white'>Signin button clicked</span>
								
							</td>
						</tr>
						<tr class='log' status='info'>
							<td class='status info' title='info' alt='info'><i class='material-icons'>info_outline</i></td>
							<td class='timestamp'>4:32:27 PM</td>
							<td class='step-details'>
									
								<img class='r-img' onerror='this.style.display="none"' data-featherlight='TestsScreenshots\20210602043226.png' src='TestsScreenshots\20210602043226.png' data-src='TestsScreenshots\20210602043226.png'>
							</td>
						</tr>
						<tr class='log' status='info'>
							<td class='status info' title='info' alt='info'><i class='material-icons'>info_outline</i></td>
							<td class='timestamp'>4:32:28 PM</td>
							<td class='step-details'>
									<span class='badge black-text white'>Email Entered</span>
								
							</td>
						</tr>
						<tr class='log' status='info'>
							<td class='status info' title='info' alt='info'><i class='material-icons'>info_outline</i></td>
							<td class='timestamp'>4:32:28 PM</td>
							<td class='step-details'>
									
								<img class='r-img' onerror='this.style.display="none"' data-featherlight='TestsScreenshots\20210602043228.png' src='TestsScreenshots\20210602043228.png' data-src='TestsScreenshots\20210602043228.png'>
							</td>
						</tr>
						<tr class='log' status='info'>
							<td class='status info' title='info' alt='info'><i class='material-icons'>info_outline</i></td>
							<td class='timestamp'>4:32:28 PM</td>
							<td class='step-details'>
									<span class='badge black-text white'>Email Entered</span>
								
							</td>
						</tr>
						<tr class='log' status='info'>
							<td class='status info' title='info' alt='info'><i class='material-icons'>info_outline</i></td>
							<td class='timestamp'>4:32:28 PM</td>
							<td class='step-details'>
									
								<img class='r-img' onerror='this.style.display="none"' data-featherlight='TestsScreenshots\20210602043228.png' src='TestsScreenshots\20210602043228.png' data-src='TestsScreenshots\20210602043228.png'>
							</td>
						</tr>
						<tr class='log' status='info'>
							<td class='status info' title='info' alt='info'><i class='material-icons'>info_outline</i></td>
							<td class='timestamp'>4:32:30 PM</td>
							<td class='step-details'>
									<span class='badge black-text white'>Password Entered</span>
								
							</td>
						</tr>
						<tr class='log' status='info'>
							<td class='status info' title='info' alt='info'><i class='material-icons'>info_outline</i></td>
							<td class='timestamp'>4:32:30 PM</td>
							<td class='step-details'>
									
								<img class='r-img' onerror='this.style.display="none"' data-featherlight='TestsScreenshots\20210602043230.png' src='TestsScreenshots\20210602043230.png' data-src='TestsScreenshots\20210602043230.png'>
							</td>
						</tr>
						<tr class='log' status='info'>
							<td class='status info' title='info' alt='info'><i class='material-icons'>info_outline</i></td>
							<td class='timestamp'>4:32:30 PM</td>
							<td class='step-details'>
									<span class='badge black-text white'>Signin Button clicked</span>
								
							</td>
						</tr>
						<tr class='log' status='pass'>
							<td class='status pass' title='pass' alt='pass'><i class='material-icons'>check_circle</i></td>
							<td class='timestamp'>4:32:35 PM</td>
							<td class='step-details'>
									<span class='badge white-text green'>Login Successful</span>
								
							</td>
						</tr>
						<tr class='log' status='pass'>
							<td class='status pass' title='pass' alt='pass'><i class='material-icons'>check_circle</i></td>
							<td class='timestamp'>4:32:36 PM</td>
							<td class='step-details'>
									
								<img class='r-img' onerror='this.style.display="none"' data-featherlight='TestsScreenshots\20210602043235.png' src='TestsScreenshots\20210602043235.png' data-src='TestsScreenshots\20210602043235.png'>
							</td>
						</tr>
						<tr class='log' status='info'>
							<td class='status info' title='info' alt='info'><i class='material-icons'>info_outline</i></td>
							<td class='timestamp'>4:32:40 PM</td>
							<td class='step-details'>
									<span class='badge black-text white'>Signout button clicked</span>
								
							</td>
						</tr>
						<tr class='log' status='info'>
							<td class='status info' title='info' alt='info'><i class='material-icons'>info_outline</i></td>
							<td class='timestamp'>4:32:40 PM</td>
							<td class='step-details'>
									
								<img class='r-img' onerror='this.style.display="none"' data-featherlight='TestsScreenshots\20210602043240.png' src='TestsScreenshots\20210602043240.png' data-src='TestsScreenshots\20210602043240.png'>
							</td>
						</tr>
					</tbody>
				</table>
			</div>
		</div>
	</li>
	<li class='node level-1 leaf pass' status='pass' test-id='6'>
		<div class='collapsible-header'>
			<div class='node-name'>Login test with invalid credentials</div>
			<span class='node-time'>Wednesday, June 02, 2021, 04:32 PM (IST)</span>
			&middot; <span class='node-duration'>0h 0m 10s+673ms</span>
			<span class='test-status right pass'>pass</span>
		</div>
		<div class='collapsible-body'>
			<div class='node-steps'>
				<table class='bordered table-results'>
					<thead>
						<tr>
							<th>Status</th>
							<th>Timestamp</th>
							<th>Details</th>
						</tr>
					</thead>
					<tbody>
						<tr class='log' status='info'>
							<td class='status info' title='info' alt='info'><i class='material-icons'>info_outline</i></td>
							<td class='timestamp'>4:32:47 PM</td>
							<td class='step-details'>
									<span class='badge black-text white'>Signin button clicked</span>
								
							</td>
						</tr>
						<tr class='log' status='info'>
							<td class='status info' title='info' alt='info'><i class='material-icons'>info_outline</i></td>
							<td class='timestamp'>4:32:47 PM</td>
							<td class='step-details'>
									
								<img class='r-img' onerror='this.style.display="none"' data-featherlight='TestsScreenshots\20210602043247.png' src='TestsScreenshots\20210602043247.png' data-src='TestsScreenshots\20210602043247.png'>
							</td>
						</tr>
						<tr class='log' status='info'>
							<td class='status info' title='info' alt='info'><i class='material-icons'>info_outline</i></td>
							<td class='timestamp'>4:32:48 PM</td>
							<td class='step-details'>
									<span class='badge black-text white'>Email Entered</span>
								
							</td>
						</tr>
						<tr class='log' status='info'>
							<td class='status info' title='info' alt='info'><i class='material-icons'>info_outline</i></td>
							<td class='timestamp'>4:32:48 PM</td>
							<td class='step-details'>
									
								<img class='r-img' onerror='this.style.display="none"' data-featherlight='TestsScreenshots\20210602043248.png' src='TestsScreenshots\20210602043248.png' data-src='TestsScreenshots\20210602043248.png'>
							</td>
						</tr>
						<tr class='log' status='info'>
							<td class='status info' title='info' alt='info'><i class='material-icons'>info_outline</i></td>
							<td class='timestamp'>4:32:48 PM</td>
							<td class='step-details'>
									<span class='badge black-text white'>Email Entered</span>
								
							</td>
						</tr>
						<tr class='log' status='info'>
							<td class='status info' title='info' alt='info'><i class='material-icons'>info_outline</i></td>
							<td class='timestamp'>4:32:49 PM</td>
							<td class='step-details'>
									
								<img class='r-img' onerror='this.style.display="none"' data-featherlight='TestsScreenshots\20210602043248.png' src='TestsScreenshots\20210602043248.png' data-src='TestsScreenshots\20210602043248.png'>
							</td>
						</tr>
						<tr class='log' status='info'>
							<td class='status info' title='info' alt='info'><i class='material-icons'>info_outline</i></td>
							<td class='timestamp'>4:32:50 PM</td>
							<td class='step-details'>
									<span class='badge black-text white'>Password Entered</span>
								
							</td>
						</tr>
						<tr class='log' status='info'>
							<td class='status info' title='info' alt='info'><i class='material-icons'>info_outline</i></td>
							<td class='timestamp'>4:32:50 PM</td>
							<td class='step-details'>
									
								<img class='r-img' onerror='this.style.display="none"' data-featherlight='TestsScreenshots\20210602043250.png' src='TestsScreenshots\20210602043250.png' data-src='TestsScreenshots\20210602043250.png'>
							</td>
						</tr>
						<tr class='log' status='info'>
							<td class='status info' title='info' alt='info'><i class='material-icons'>info_outline</i></td>
							<td class='timestamp'>4:32:50 PM</td>
							<td class='step-details'>
									<span class='badge black-text white'>Signin Button clicked</span>
								
							</td>
						</tr>
						<tr class='log' status='pass'>
							<td class='status pass' title='pass' alt='pass'><i class='material-icons'>check_circle</i></td>
							<td class='timestamp'>4:32:51 PM</td>
							<td class='step-details'>
									<span class='badge white-text green'>Login Failed with invalid Credentials</span>
								
							</td>
						</tr>
						<tr class='log' status='pass'>
							<td class='status pass' title='pass' alt='pass'><i class='material-icons'>check_circle</i></td>
							<td class='timestamp'>4:32:52 PM</td>
							<td class='step-details'>
									
								<img class='r-img' onerror='this.style.display="none"' data-featherlight='TestsScreenshots\20210602043251.png' src='TestsScreenshots\20210602043251.png' data-src='TestsScreenshots\20210602043251.png'>
							</td>
						</tr>
						<tr class='log' status='pass'>
							<td class='status pass' title='pass' alt='pass'><i class='material-icons'>check_circle</i></td>
							<td class='timestamp'>4:32:52 PM</td>
							<td class='step-details'>
									<span class='badge white-text green'>TEST PASSED</span>
								
							</td>
						</tr>
					</tbody>
				</table>
			</div>
		</div>
	</li>
</ul>
					</div>
				</li>
			</ul>
		</div>
	</div>
	<!-- subview left -->
	<div class='subview-right left'>
		<div class='view-summary'>
			<div id='step-filters' class="right sr-filters">
				<a class="btn-floating waves-effect waves-light green" status="pass" alt="pass" title="pass"><i class="material-icons">check_circle</i></a>
				<a class="btn-floating waves-effect waves-light red" status="fail" alt="fail" title="fail"><i class="material-icons">cancel</i></a>
				<a class="btn-floating waves-effect waves-light red darken-4" status="fatal" alt="fatal" title="fatal"><i class="material-icons">cancel</i></a>
				<a class="btn-floating waves-effect waves-light pink text-lighten-1" status="error" alt="error" title="error"><i class="material-icons">error</i></a>
				<a class="btn-floating waves-effect waves-light orange" alt="warning" status="warning" title="warning"><i class="material-icons">warning</i></a>
				<a class="btn-floating waves-effect waves-light teal" status="skip" alt="skip" title="skip"><i class="material-icons">redo</i></a>
				<a class="btn-floating waves-effect waves-light grey" status="clear" alt="Clear filters" title="Clear filters"><i class="material-icons">clear</i></a>
			</div>
			<h5 class='test-name'></h5>
		</div>
	</div>
	<!-- subview right -->
</div>
<!-- test view --><!-- category view --><div id='exception-view' class='view hide'>
	<section id='controls'>
		<div class='controls grey lighten-4'>
			<!-- search -->
			<div class='chip transparent' alt='Search Tests' title='Search Tests'>
				<a href="#" class='search-div'>
				<i class='material-icons'>search</i> Search
				</a>
				<div class='input-field left hide'>
					<input id='search-tests' type='text' class='validate browser-default' placeholder='Search Tests...'>
				</div>
			</div>
			<!-- search -->
		</div>
	</section>
	<div class='subview-left left'>
		<div class='view-summary'>
			<ul id='exception-collection' class='exception-collection'>
				<li class='exception displayed active'>
					<div class='exception-heading'>
						<span class='exception-name'>org.openqa.selenium.TimeoutException</span>
						<span class='exception-count right'><span class='label red lighten-1 white-text'>1</span></span>
					</div>
					<div class='exception-content hide'>
						<div class='exception-tests'>
							<table class='bordered table-results'>
								<thead>
									<tr>
										<th>Timestamp</th>
										<th>TestName</th>
										<th>Status</th>
									</tr>
								</thead>
								<tbody>
									<tr>
										<td>Wednesday, June 02, 2021, 04:30 PM (IST)</td>
										<td class='linked' test-id='3'>TC333333_Booking Details Verification.Book airport Taxi</td>
										<td>
											<textarea disabled class="code-block">org.openqa.selenium.TimeoutException: Expected condition failed: waiting for presence of element located by: By.xpath: //dt[contains(.,'To)]/following-sibling::dd[1] (tried for 60 second(s) with 500 milliseconds interval)
	at org.openqa.selenium.support.ui.WebDriverWait.timeoutException(WebDriverWait.java:113)
	at org.openqa.selenium.support.ui.FluentWait.until(FluentWait.java:283)
	at common.BasePage.waitForElement(BasePage.java:31)
	at common.BasePage.getElementText(BasePage.java:68)
	at pages.BookingDetailsPage.getDetails(BookingDetailsPage.java:14)
	at pages.BookingDetailsPage.verifyDropLocation(BookingDetailsPage.java:27)
	at tests.booking.BookinDetailsTest.bookingDetailsTest(BookinDetailsTest.java:40)
	at java.base/jdk.internal.reflect.NativeMethodAccessorImpl.invoke0(Native Method)
	at java.base/jdk.internal.reflect.NativeMethodAccessorImpl.invoke(NativeMethodAccessorImpl.java:62)
	at java.base/jdk.internal.reflect.DelegatingMethodAccessorImpl.invoke(DelegatingMethodAccessorImpl.java:43)
	at java.base/java.lang.reflect.Method.invoke(Method.java:566)
	at org.testng.internal.MethodInvocationHelper.invokeMethod(MethodInvocationHelper.java:133)
	at org.testng.internal.TestInvoker.invokeMethod(TestInvoker.java:584)
	at org.testng.internal.TestInvoker.invokeTestMethod(TestInvoker.java:172)
	at org.testng.internal.MethodRunner.runInSequence(MethodRunner.java:46)
	at org.testng.internal.TestInvoker$MethodInvocationAgent.invoke(TestInvoker.java:804)
	at org.testng.internal.TestInvoker.invokeTestMethods(TestInvoker.java:145)
	at org.testng.internal.TestMethodWorker.invokeTestMethods(TestMethodWorker.java:146)
	at org.testng.internal.TestMethodWorker.run(TestMethodWorker.java:128)
	at java.base/java.util.ArrayList.forEach(ArrayList.java:1541)
	at org.testng.TestRunner.privateRun(TestRunner.java:770)
	at org.testng.TestRunner.run(TestRunner.java:591)
	at org.testng.SuiteRunner.runTest(SuiteRunner.java:402)
	at org.testng.SuiteRunner.runSequentially(SuiteRunner.java:396)
	at org.testng.SuiteRunner.privateRun(SuiteRunner.java:355)
	at org.testng.SuiteRunner.run(SuiteRunner.java:304)
	at org.testng.SuiteRunnerWorker.runSuite(SuiteRunnerWorker.java:53)
	at org.testng.SuiteRunnerWorker.run(SuiteRunnerWorker.java:96)
	at org.testng.TestNG.runSuitesSequentially(TestNG.java:1180)
	at org.testng.TestNG.runSuitesLocally(TestNG.java:1102)
	at org.testng.TestNG.runSuites(TestNG.java:1032)
	at org.testng.TestNG.run(TestNG.java:1000)
	at org.apache.maven.surefire.testng.TestNGExecutor.run(TestNGExecutor.java:136)
	at org.apache.maven.surefire.testng.TestNGDirectoryTestSuite.executeMulti(TestNGDirectoryTestSuite.java:193)
	at org.apache.maven.surefire.testng.TestNGDirectoryTestSuite.execute(TestNGDirectoryTestSuite.java:94)
	at org.apache.maven.surefire.testng.TestNGProvider.invoke(TestNGProvider.java:145)
	at org.apache.maven.surefire.booter.ForkedBooter.runSuitesInProcess(ForkedBooter.java:428)
	at org.apache.maven.surefire.booter.ForkedBooter.execute(ForkedBooter.java:162)
	at org.apache.maven.surefire.booter.ForkedBooter.run(ForkedBooter.java:562)
	at org.apache.maven.surefire.booter.ForkedBooter.main(ForkedBooter.java:548)
Caused by: org.openqa.selenium.InvalidSelectorException: invalid selector: Unable to locate an element with the xpath expression //dt[contains(.,'To)]/following-sibling::dd[1] because of the following error:
SyntaxError: Failed to execute 'evaluate' on 'Document': The string '//dt[contains(.,'To)]/following-sibling::dd[1]' is not a valid XPath expression.
  (Session info: chrome=91.0.4472.77)
For documentation on this error, please visit: http://seleniumhq.org/exceptions/invalid_selector_exception.html
Build info: version: '3.14.0', revision: 'aacccce0', time: '2018-08-02T20:19:58.91Z'
System info: host: 'DESKTOP-9K12GLO', ip: '192.168.1.104', os.name: 'Windows 10', os.arch: 'amd64', os.version: '10.0', java.version: '11.0.11'
Driver info: org.openqa.selenium.chrome.ChromeDriver
Capabilities {acceptInsecureCerts: false, browserName: chrome, browserVersion: 91.0.4472.77, chrome: {chromedriverVersion: 90.0.4430.24 (4c6d850f087da..., userDataDir: C:\Users\admin\AppData\Loca...}, goog:chromeOptions: {debuggerAddress: localhost:57158}, javascriptEnabled: true, networkConnectionEnabled: false, pageLoadStrategy: normal, platform: WINDOWS, platformName: WINDOWS, proxy: Proxy(), setWindowRect: true, strictFileInteractability: false, timeouts: {implicit: 0, pageLoad: 300000, script: 30000}, unhandledPromptBehavior: dismiss and notify, webauthn:extension:largeBlob: true, webauthn:virtualAuthenticators: true}
Session ID: 86076e88e2f08c5f120d4f11a87d018f
*** Element info: {Using=xpath, value=//dt[contains(.,'To)]/following-sibling::dd[1]}
	at jdk.internal.reflect.GeneratedConstructorAccessor7.newInstance(Unknown Source)
	at java.base/jdk.internal.reflect.DelegatingConstructorAccessorImpl.newInstance(DelegatingConstructorAccessorImpl.java:45)
	at java.base/java.lang.reflect.Constructor.newInstance(Constructor.java:490)
	at org.openqa.selenium.remote.http.W3CHttpResponseCodec.createException(W3CHttpResponseCodec.java:187)
	at org.openqa.selenium.remote.http.W3CHttpResponseCodec.decode(W3CHttpResponseCodec.java:122)
	at org.openqa.selenium.remote.http.W3CHttpResponseCodec.decode(W3CHttpResponseCodec.java:49)
	at org.openqa.selenium.remote.HttpCommandExecutor.execute(HttpCommandExecutor.java:158)
	at org.openqa.selenium.remote.service.DriverCommandExecutor.execute(DriverCommandExecutor.java:83)
	at org.openqa.selenium.remote.RemoteWebDriver.execute(RemoteWebDriver.java:548)
	at org.openqa.selenium.remote.RemoteWebDriver.findElements(RemoteWebDriver.java:349)
	at org.openqa.selenium.remote.RemoteWebDriver.findElementsByXPath(RemoteWebDriver.java:428)
	at org.openqa.selenium.By$ByXPath.findElements(By.java:348)
	at org.openqa.selenium.remote.RemoteWebDriver.findElements(RemoteWebDriver.java:310)
	at org.openqa.selenium.support.ui.ExpectedConditions.findElement(ExpectedConditions.java:895)
	at org.openqa.selenium.support.ui.ExpectedConditions.access$000(ExpectedConditions.java:44)
	at org.openqa.selenium.support.ui.ExpectedConditions$6.apply(ExpectedConditions.java:183)
	at org.openqa.selenium.support.ui.ExpectedConditions$6.apply(ExpectedConditions.java:180)
	at org.openqa.selenium.support.ui.FluentWait.until(FluentWait.java:260)
	... 38 more
</textarea>
										</td>
									</tr>
								</tbody>
							</table>
						</div>
					</div>
				</li>
			</ul>
		</div>
	</div>
	<div class='subview-right left'>
		<div class='view-summary'>
			<h5 class='exception-name'></h5>
		</div>
	</div>
</div>
<!-- exception view --><div id='dashboard-view' class='view hide'>
	<div class='card-panel transparent np-v'>
		<h5>Dashboard</h5>

		<div class='row'>
			<div class='col s2'>
				<div class='card-panel r'>
					Tests
					<div class='panel-lead'>2</div>
				</div>
			</div>
			<div class='col s2'>
				<div class='card-panel r'>
					Steps
					<div class='panel-lead'>4</div>
				</div>
			</div>
			<div class='col s2'>
				<div class='card-panel r'>
					Start
					<div class='panel-lead'>Wednesday, June 02, 2021, 04:30 PM (IST)</div>
				</div>
			</div>
			<div class='col s2'>
				<div class='card-panel r'>
			 		End
			 		<div class='panel-lead'>Wednesday, June 02, 2021, 04:32 PM (IST)</div>
				</div>
			</div>
			<div class='col s2'>
				<div class='card-panel r'>
					Time Taken
					<div class='panel-lead'>0h 2m 46s+663ms</div>
				</div>
			</div>
			<div class='col s4'>
				<div class='card-panel dashboard-environment'>
					<span class='right label cyan white-text'>Environment</span><p>&nbsp;</p>
					
					<table>
						<tr>
							<th>Name</th>
							<th>Value</th>
						</tr>
							<tr>
								<td>OS</td>
								<td>win7</td>
							</tr>
							<tr>
								<td>Browser</td>
								<td>Chrome</td>
							</tr>
					</table>
				</div>
			</div>
		</div>
	</div>
</div>
<!-- dashboard view -->
<!-- testrunner-logs view -->		</div>
		<!-- container -->
		<script>
			var statusGroup = {
                parentCount: 2,
				passParent: 1,
				failParent: 1,
				fatalParent: 0,
				errorParent: 0,
				warningParent: 0,
				skipParent: 0,
				exceptionsParent: 1,
				childCount: 4,
				passChild: 3,
				failChild: 1,
				fatalChild: 0,
				errorChild: 0,
				warningChild: 0,
				skipChild: 0,
				infoChild: 0,
				debugChild: 0,
				exceptionsChild: 1,
				grandChildCount: 0,
				passGrandChild: 0,
				failGrandChild: 0,
				fatalGrandChild: 0,
				errorGrandChild: 0,
				warningGrandChild: 0,
				skipGrandChild: 0,
				infoGrandChild: 0,
				debugGrandChild: 0,
				exceptionsGrandChild: 0,
			};
		</script>
		<script>
			var timeline = {
			        "TC333333_Booking Details Verification":117.359,"TC222222_Login Verification":37.048
			};
		</script>
		<script src='https://cdn.rawgit.com/extent-framework/extent-github-cdn/c23457b/v3html/js/extent.js' type='text/javascript'></script>
		<script type='text/javascript'>
		</script>
	</body>
</html>